2025-04-20 14:50:51 INFO  [background-preinit] o.h.validator.internal.util.Version - HV000001: Hibernate Validator 8.0.2.Final
2025-04-20 14:50:51 INFO  [main] c.w.n.NotificationServiceApplicationTests - Starting NotificationServiceApplicationTests using Java 23.0.1 with PID 3292 (started by pratikpatel in /Users/pratikpatel/Desktop/Wells Fargo Training/MicroserviceDemo/Wells-Fargo_BasicTraining_microserviceDemo/notification-service)
2025-04-20 14:50:51 DEBUG [main] c.w.n.NotificationServiceApplicationTests - Running with Spring Boot v3.4.4, Spring v6.2.5
2025-04-20 14:50:51 INFO  [main] c.w.n.NotificationServiceApplicationTests - No active profile set, falling back to 1 default profile: "default"
2025-04-20 14:50:51 INFO  [main] o.s.c.c.c.ConfigServerConfigDataLoader - Fetching config from server at : http://configserver:8888
2025-04-20 14:50:51 INFO  [main] o.s.c.c.c.ConfigServerConfigDataLoader - Exception on Url - http://configserver:8888:org.springframework.web.client.ResourceAccessException: I/O error on GET request for "http://configserver:8888/notification-service/default": configserver. Will be trying the next url if available
2025-04-20 14:50:51 WARN  [main] o.s.c.c.c.ConfigServerConfigDataLoader - Could not locate PropertySource ([ConfigServerConfigDataResource@79fd6f95 uris = array<String>['http://configserver:8888'], optional = true, profiles = 'default']): I/O error on GET request for "http://configserver:8888/notification-service/default": configserver
2025-04-20 14:50:51 INFO  [main] o.s.c.c.c.ConfigServerConfigDataLoader - Fetching config from server at : http://configserver:8888
2025-04-20 14:50:51 INFO  [main] o.s.c.c.c.ConfigServerConfigDataLoader - Exception on Url - http://configserver:8888:org.springframework.web.client.ResourceAccessException: I/O error on GET request for "http://configserver:8888/notification-service/default": configserver. Will be trying the next url if available
2025-04-20 14:50:51 WARN  [main] o.s.c.c.c.ConfigServerConfigDataLoader - Could not locate PropertySource ([ConfigServerConfigDataResource@4ee6291f uris = array<String>['http://configserver:8888'], optional = true, profiles = 'default']): I/O error on GET request for "http://configserver:8888/notification-service/default": configserver
2025-04-20 14:50:51 INFO  [main] o.s.c.c.c.ConfigServerConfigDataLoader - Fetching config from server at : http://configserver:8888
2025-04-20 14:50:51 INFO  [main] o.s.c.c.c.ConfigServerConfigDataLoader - Exception on Url - http://configserver:8888:org.springframework.web.client.ResourceAccessException: I/O error on GET request for "http://configserver:8888/notification-service/default": configserver. Will be trying the next url if available
2025-04-20 14:50:51 WARN  [main] o.s.c.c.c.ConfigServerConfigDataLoader - Could not locate PropertySource ([ConfigServerConfigDataResource@2b03d52f uris = array<String>['http://configserver:8888'], optional = true, profiles = 'default']): I/O error on GET request for "http://configserver:8888/notification-service/default": configserver
2025-04-20 14:50:52 INFO  [main] o.s.d.r.c.RepositoryConfigurationDelegate - Bootstrapping Spring Data MongoDB repositories in DEFAULT mode.
2025-04-20 14:50:52 INFO  [main] o.s.d.r.c.RepositoryConfigurationDelegate - Finished Spring Data repository scanning in 113 ms. Found 1 MongoDB repository interface.
2025-04-20 14:50:52 INFO  [main] o.s.cloud.context.scope.GenericScope - BeanFactory id=6afd7fec-d399-3032-a6aa-5412ae1b1b0d
2025-04-20 14:50:52 INFO  [main] org.mongodb.driver.client - MongoClient with metadata {"driver": {"name": "mongo-java-driver|sync|spring-data", "version": "5.2.1"}, "os": {"type": "Darwin", "name": "Mac OS X", "architecture": "x86_64", "version": "15.4.1"}, "platform": "Java/Oracle Corporation/23.0.1+11-39"} created with settings MongoClientSettings{readPreference=primary, writeConcern=WriteConcern{w=null, wTimeout=null ms, journal=null}, retryWrites=true, retryReads=true, readConcern=ReadConcern{level=null}, credential=null, transportSettings=null, commandListeners=[], codecRegistry=ProvidersCodecRegistry{codecProviders=[ValueCodecProvider{}, BsonValueCodecProvider{}, DBRefCodecProvider{}, DBObjectCodecProvider{}, DocumentCodecProvider{}, CollectionCodecProvider{}, IterableCodecProvider{}, MapCodecProvider{}, GeoJsonCodecProvider{}, GridFSFileCodecProvider{}, Jsr310CodecProvider{}, JsonObjectCodecProvider{}, BsonCodecProvider{}, EnumCodecProvider{}, com.mongodb.client.model.mql.ExpressionCodecProvider@5ebfe7fa, com.mongodb.Jep395RecordCodecProvider@5f4e389a, com.mongodb.KotlinCodecProvider@3ba1f56e]}, loggerSettings=LoggerSettings{maxDocumentLength=1000}, clusterSettings={hosts=[127.0.0.1:27017], srvServiceName=mongodb, mode=SINGLE, requiredClusterType=UNKNOWN, requiredReplicaSetName='null', serverSelector='null', clusterListeners='[]', serverSelectionTimeout='30000 ms', localThreshold='15 ms'}, socketSettings=SocketSettings{connectTimeoutMS=10000, readTimeoutMS=0, receiveBufferSize=0, proxySettings=ProxySettings{host=null, port=null, username=null, password=null}}, heartbeatSocketSettings=SocketSettings{connectTimeoutMS=10000, readTimeoutMS=10000, receiveBufferSize=0, proxySettings=ProxySettings{host=null, port=null, username=null, password=null}}, connectionPoolSettings=ConnectionPoolSettings{maxSize=100, minSize=0, maxWaitTimeMS=120000, maxConnectionLifeTimeMS=0, maxConnectionIdleTimeMS=0, maintenanceInitialDelayMS=0, maintenanceFrequencyMS=60000, connectionPoolListeners=[], maxConnecting=2}, serverSettings=ServerSettings{heartbeatFrequencyMS=10000, minHeartbeatFrequencyMS=500, serverMonitoringMode=AUTO, serverListeners='[]', serverMonitorListeners='[]'}, sslSettings=SslSettings{enabled=false, invalidHostNameAllowed=false, context=null}, applicationName='null', compressorList=[], uuidRepresentation=JAVA_LEGACY, serverApi=null, autoEncryptionSettings=null, dnsClient=null, inetAddressResolver=null, contextProvider=null, timeoutMS=null}
2025-04-20 14:50:52 INFO  [cluster-ClusterId{value='6805501c40ddad7a5ddc6b17', description='null'}-127.0.0.1:27017] org.mongodb.driver.cluster - Monitor thread successfully connected to server with description ServerDescription{address=127.0.0.1:27017, type=STANDALONE, cryptd=false, state=CONNECTED, ok=true, minWireVersion=0, maxWireVersion=25, maxDocumentSize=16777216, logicalSessionTimeoutMinutes=30, roundTripTimeNanos=39571727, minRoundTripTimeNanos=0}
2025-04-20 14:50:54 INFO  [main] o.s.c.n.e.c.DiscoveryClientOptionalArgsConfiguration - Eureka HTTP Client uses RestTemplate.
2025-04-20 14:50:54 INFO  [main] o.s.b.a.e.web.EndpointLinksResolver - Exposing 28 endpoints beneath base path '/actuator'
2025-04-20 14:50:54 INFO  [main] o.s.c.n.eureka.InstanceInfoFactory - Setting initial instance status as: STARTING
2025-04-20 14:50:54 INFO  [main] c.netflix.discovery.DiscoveryClient - Initializing Eureka in region us-east-1
2025-04-20 14:50:54 INFO  [main] c.n.d.s.r.aws.ConfigClusterResolver - Resolving eureka endpoints via configuration
2025-04-20 14:50:54 INFO  [main] c.netflix.discovery.DiscoveryClient - Disable delta property : false
2025-04-20 14:50:54 INFO  [main] c.netflix.discovery.DiscoveryClient - Single vip registry refresh property : null
2025-04-20 14:50:54 INFO  [main] c.netflix.discovery.DiscoveryClient - Force full registry fetch : false
2025-04-20 14:50:54 INFO  [main] c.netflix.discovery.DiscoveryClient - Application is null : false
2025-04-20 14:50:54 INFO  [main] c.netflix.discovery.DiscoveryClient - Registered Applications size is zero : true
2025-04-20 14:50:54 INFO  [main] c.netflix.discovery.DiscoveryClient - Application version is -1: true
2025-04-20 14:50:54 INFO  [main] c.netflix.discovery.DiscoveryClient - Getting all instance registry info from the eureka server
2025-04-20 14:50:54 INFO  [main] c.netflix.discovery.DiscoveryClient - The response status is 200
2025-04-20 14:50:54 INFO  [main] c.netflix.discovery.DiscoveryClient - Starting heartbeat executor: renew interval is: 30
2025-04-20 14:50:54 INFO  [main] c.n.discovery.InstanceInfoReplicator - InstanceInfoReplicator onDemand update allowed rate per min is 4
2025-04-20 14:50:54 INFO  [main] c.netflix.discovery.DiscoveryClient - Discovery Client initialized at timestamp 1745178654628 with initial instances count: 3
2025-04-20 14:50:54 INFO  [main] o.s.c.n.e.s.EurekaServiceRegistry - Registering application NOTIFICATION-SERVICE with eureka with status UP
2025-04-20 14:50:54 INFO  [main] c.netflix.discovery.DiscoveryClient - Saw local status change event StatusChangeEvent [timestamp=1745178654631, current=UP, previous=STARTING]
2025-04-20 14:50:54 INFO  [DiscoveryClient-InstanceInfoReplicator-%d] c.netflix.discovery.DiscoveryClient - DiscoveryClient_NOTIFICATION-SERVICE/10.0.0.54:notification-service:8084: registering service...
2025-04-20 14:50:54 INFO  [main] o.a.k.c.consumer.ConsumerConfig - ConsumerConfig values: 
	allow.auto.create.topics = true
	auto.commit.interval.ms = 5000
	auto.include.jmx.reporter = true
	auto.offset.reset = latest
	bootstrap.servers = [localhost:9092]
	check.crcs = true
	client.dns.lookup = use_all_dns_ips
	client.id = consumer-notification-group-1
	client.rack = 
	connections.max.idle.ms = 540000
	default.api.timeout.ms = 60000
	enable.auto.commit = false
	enable.metrics.push = true
	exclude.internal.topics = true
	fetch.max.bytes = 52428800
	fetch.max.wait.ms = 500
	fetch.min.bytes = 1
	group.id = notification-group
	group.instance.id = null
	group.protocol = classic
	group.remote.assignor = null
	heartbeat.interval.ms = 3000
	interceptor.classes = []
	internal.leave.group.on.close = true
	internal.throw.on.fetch.stable.offset.unsupported = false
	isolation.level = read_uncommitted
	key.deserializer = class org.apache.kafka.common.serialization.StringDeserializer
	max.partition.fetch.bytes = 1048576
	max.poll.interval.ms = 300000
	max.poll.records = 500
	metadata.max.age.ms = 300000
	metadata.recovery.strategy = none
	metric.reporters = []
	metrics.num.samples = 2
	metrics.recording.level = INFO
	metrics.sample.window.ms = 30000
	partition.assignment.strategy = [class org.apache.kafka.clients.consumer.RangeAssignor, class org.apache.kafka.clients.consumer.CooperativeStickyAssignor]
	receive.buffer.bytes = 65536
	reconnect.backoff.max.ms = 1000
	reconnect.backoff.ms = 50
	request.timeout.ms = 30000
	retry.backoff.max.ms = 1000
	retry.backoff.ms = 100
	sasl.client.callback.handler.class = null
	sasl.jaas.config = null
	sasl.kerberos.kinit.cmd = /usr/bin/kinit
	sasl.kerberos.min.time.before.relogin = 60000
	sasl.kerberos.service.name = null
	sasl.kerberos.ticket.renew.jitter = 0.05
	sasl.kerberos.ticket.renew.window.factor = 0.8
	sasl.login.callback.handler.class = null
	sasl.login.class = null
	sasl.login.connect.timeout.ms = null
	sasl.login.read.timeout.ms = null
	sasl.login.refresh.buffer.seconds = 300
	sasl.login.refresh.min.period.seconds = 60
	sasl.login.refresh.window.factor = 0.8
	sasl.login.refresh.window.jitter = 0.05
	sasl.login.retry.backoff.max.ms = 10000
	sasl.login.retry.backoff.ms = 100
	sasl.mechanism = GSSAPI
	sasl.oauthbearer.clock.skew.seconds = 30
	sasl.oauthbearer.expected.audience = null
	sasl.oauthbearer.expected.issuer = null
	sasl.oauthbearer.jwks.endpoint.refresh.ms = 3600000
	sasl.oauthbearer.jwks.endpoint.retry.backoff.max.ms = 10000
	sasl.oauthbearer.jwks.endpoint.retry.backoff.ms = 100
	sasl.oauthbearer.jwks.endpoint.url = null
	sasl.oauthbearer.scope.claim.name = scope
	sasl.oauthbearer.sub.claim.name = sub
	sasl.oauthbearer.token.endpoint.url = null
	security.protocol = PLAINTEXT
	security.providers = null
	send.buffer.bytes = 131072
	session.timeout.ms = 45000
	socket.connection.setup.timeout.max.ms = 30000
	socket.connection.setup.timeout.ms = 10000
	ssl.cipher.suites = null
	ssl.enabled.protocols = [TLSv1.2, TLSv1.3]
	ssl.endpoint.identification.algorithm = https
	ssl.engine.factory.class = null
	ssl.key.password = null
	ssl.keymanager.algorithm = SunX509
	ssl.keystore.certificate.chain = null
	ssl.keystore.key = null
	ssl.keystore.location = null
	ssl.keystore.password = null
	ssl.keystore.type = JKS
	ssl.protocol = TLSv1.3
	ssl.provider = null
	ssl.secure.random.implementation = null
	ssl.trustmanager.algorithm = PKIX
	ssl.truststore.certificates = null
	ssl.truststore.location = null
	ssl.truststore.password = null
	ssl.truststore.type = JKS
	value.deserializer = class org.apache.kafka.common.serialization.StringDeserializer

2025-04-20 14:50:54 INFO  [main] o.a.k.c.t.i.KafkaMetricsCollector - initializing Kafka metrics collector
2025-04-20 14:50:54 INFO  [DiscoveryClient-InstanceInfoReplicator-%d] c.netflix.discovery.DiscoveryClient - DiscoveryClient_NOTIFICATION-SERVICE/10.0.0.54:notification-service:8084 - registration status: 204
2025-04-20 14:50:54 INFO  [main] o.a.kafka.common.utils.AppInfoParser - Kafka version: 3.8.1
2025-04-20 14:50:54 INFO  [main] o.a.kafka.common.utils.AppInfoParser - Kafka commitId: 70d6ff42debf7e17
2025-04-20 14:50:54 INFO  [main] o.a.kafka.common.utils.AppInfoParser - Kafka startTimeMs: 1745178654879
2025-04-20 14:50:54 INFO  [main] o.a.k.c.c.i.LegacyKafkaConsumer - [Consumer clientId=consumer-notification-group-1, groupId=notification-group] Subscribed to topic(s): notification-topic
2025-04-20 14:50:54 INFO  [main] c.w.n.NotificationServiceApplicationTests - Started NotificationServiceApplicationTests in 4.383 seconds (process running for 5.492)
2025-04-20 14:50:55 INFO  [org.springframework.kafka.KafkaListenerEndpointContainer#0-0-C-1] o.apache.kafka.clients.NetworkClient - [Consumer clientId=consumer-notification-group-1, groupId=notification-group] Node -1 disconnected.
2025-04-20 14:50:55 WARN  [org.springframework.kafka.KafkaListenerEndpointContainer#0-0-C-1] o.apache.kafka.clients.NetworkClient - [Consumer clientId=consumer-notification-group-1, groupId=notification-group] Connection to node -1 (localhost/127.0.0.1:9092) could not be established. Node may not be available.
2025-04-20 14:50:55 WARN  [org.springframework.kafka.KafkaListenerEndpointContainer#0-0-C-1] o.apache.kafka.clients.NetworkClient - [Consumer clientId=consumer-notification-group-1, groupId=notification-group] Bootstrap broker localhost:9092 (id: -1 rack: null) disconnected
2025-04-20 14:50:55 INFO  [org.springframework.kafka.KafkaListenerEndpointContainer#0-0-C-1] o.apache.kafka.clients.NetworkClient - [Consumer clientId=consumer-notification-group-1, groupId=notification-group] Node -1 disconnected.
2025-04-20 14:50:55 WARN  [org.springframework.kafka.KafkaListenerEndpointContainer#0-0-C-1] o.apache.kafka.clients.NetworkClient - [Consumer clientId=consumer-notification-group-1, groupId=notification-group] Connection to node -1 (localhost/127.0.0.1:9092) could not be established. Node may not be available.
2025-04-20 14:50:55 WARN  [org.springframework.kafka.KafkaListenerEndpointContainer#0-0-C-1] o.apache.kafka.clients.NetworkClient - [Consumer clientId=consumer-notification-group-1, groupId=notification-group] Bootstrap broker localhost:9092 (id: -1 rack: null) disconnected
2025-04-20 14:50:55 INFO  [org.springframework.kafka.KafkaListenerEndpointContainer#0-0-C-1] o.apache.kafka.clients.NetworkClient - [Consumer clientId=consumer-notification-group-1, groupId=notification-group] Node -1 disconnected.
2025-04-20 14:50:55 WARN  [org.springframework.kafka.KafkaListenerEndpointContainer#0-0-C-1] o.apache.kafka.clients.NetworkClient - [Consumer clientId=consumer-notification-group-1, groupId=notification-group] Connection to node -1 (localhost/127.0.0.1:9092) could not be established. Node may not be available.
2025-04-20 14:50:55 WARN  [org.springframework.kafka.KafkaListenerEndpointContainer#0-0-C-1] o.apache.kafka.clients.NetworkClient - [Consumer clientId=consumer-notification-group-1, groupId=notification-group] Bootstrap broker localhost:9092 (id: -1 rack: null) disconnected
2025-04-20 14:50:55 INFO  [org.springframework.kafka.KafkaListenerEndpointContainer#0-0-C-1] o.apache.kafka.clients.NetworkClient - [Consumer clientId=consumer-notification-group-1, groupId=notification-group] Node -1 disconnected.
2025-04-20 14:50:55 WARN  [org.springframework.kafka.KafkaListenerEndpointContainer#0-0-C-1] o.apache.kafka.clients.NetworkClient - [Consumer clientId=consumer-notification-group-1, groupId=notification-group] Connection to node -1 (localhost/127.0.0.1:9092) could not be established. Node may not be available.
2025-04-20 14:50:55 WARN  [org.springframework.kafka.KafkaListenerEndpointContainer#0-0-C-1] o.apache.kafka.clients.NetworkClient - [Consumer clientId=consumer-notification-group-1, groupId=notification-group] Bootstrap broker localhost:9092 (id: -1 rack: null) disconnected
2025-04-20 14:50:55 INFO  [SpringApplicationShutdownHook] o.s.c.n.e.s.EurekaServiceRegistry - Unregistering application NOTIFICATION-SERVICE with eureka with status DOWN
2025-04-20 14:50:55 INFO  [SpringApplicationShutdownHook] c.netflix.discovery.DiscoveryClient - Saw local status change event StatusChangeEvent [timestamp=1745178655696, current=DOWN, previous=UP]
2025-04-20 14:50:55 INFO  [DiscoveryClient-InstanceInfoReplicator-%d] c.netflix.discovery.DiscoveryClient - DiscoveryClient_NOTIFICATION-SERVICE/10.0.0.54:notification-service:8084: registering service...
2025-04-20 14:50:55 INFO  [org.springframework.kafka.KafkaListenerEndpointContainer#0-0-C-1] o.a.k.c.c.i.ConsumerCoordinator - [Consumer clientId=consumer-notification-group-1, groupId=notification-group] Resetting generation and member id due to: consumer pro-actively leaving the group
2025-04-20 14:50:55 INFO  [org.springframework.kafka.KafkaListenerEndpointContainer#0-0-C-1] o.a.k.c.c.i.ConsumerCoordinator - [Consumer clientId=consumer-notification-group-1, groupId=notification-group] Request joining group due to: consumer pro-actively leaving the group
2025-04-20 14:50:55 INFO  [org.springframework.kafka.KafkaListenerEndpointContainer#0-0-C-1] o.a.k.c.c.i.LegacyKafkaConsumer - [Consumer clientId=consumer-notification-group-1, groupId=notification-group] Unsubscribed all topics or patterns and assigned partitions
2025-04-20 14:50:55 INFO  [org.springframework.kafka.KafkaListenerEndpointContainer#0-0-C-1] o.a.k.c.c.i.ConsumerCoordinator - [Consumer clientId=consumer-notification-group-1, groupId=notification-group] Resetting generation and member id due to: consumer pro-actively leaving the group
2025-04-20 14:50:55 INFO  [org.springframework.kafka.KafkaListenerEndpointContainer#0-0-C-1] o.a.k.c.c.i.ConsumerCoordinator - [Consumer clientId=consumer-notification-group-1, groupId=notification-group] Request joining group due to: consumer pro-actively leaving the group
2025-04-20 14:50:55 INFO  [DiscoveryClient-InstanceInfoReplicator-%d] c.netflix.discovery.DiscoveryClient - DiscoveryClient_NOTIFICATION-SERVICE/10.0.0.54:notification-service:8084 - registration status: 204
2025-04-20 14:50:55 INFO  [org.springframework.kafka.KafkaListenerEndpointContainer#0-0-C-1] o.a.kafka.common.metrics.Metrics - Metrics scheduler closed
2025-04-20 14:50:55 INFO  [org.springframework.kafka.KafkaListenerEndpointContainer#0-0-C-1] o.a.kafka.common.metrics.Metrics - Closing reporter org.apache.kafka.common.metrics.JmxReporter
2025-04-20 14:50:55 INFO  [org.springframework.kafka.KafkaListenerEndpointContainer#0-0-C-1] o.a.kafka.common.metrics.Metrics - Closing reporter org.apache.kafka.common.telemetry.internals.ClientTelemetryReporter
2025-04-20 14:50:55 INFO  [org.springframework.kafka.KafkaListenerEndpointContainer#0-0-C-1] o.a.kafka.common.metrics.Metrics - Metrics reporters closed
2025-04-20 14:50:55 INFO  [org.springframework.kafka.KafkaListenerEndpointContainer#0-0-C-1] o.a.kafka.common.utils.AppInfoParser - App info kafka.consumer for consumer-notification-group-1 unregistered
2025-04-20 14:50:55 INFO  [org.springframework.kafka.KafkaListenerEndpointContainer#0-0-C-1] o.s.k.l.KafkaMessageListenerContainer - notification-group: Consumer stopped
2025-04-20 14:50:55 INFO  [SpringApplicationShutdownHook] c.netflix.discovery.DiscoveryClient - Shutting down DiscoveryClient ...
2025-04-20 14:50:58 INFO  [SpringApplicationShutdownHook] c.netflix.discovery.DiscoveryClient - Unregistering ...
2025-04-20 14:50:58 INFO  [SpringApplicationShutdownHook] c.netflix.discovery.DiscoveryClient - DiscoveryClient_NOTIFICATION-SERVICE/10.0.0.54:notification-service:8084 - deregister  status: 200
2025-04-20 14:50:58 INFO  [SpringApplicationShutdownHook] c.netflix.discovery.DiscoveryClient - Completed shut down of DiscoveryClient
2025-04-20 14:55:47 INFO  [background-preinit] o.h.validator.internal.util.Version - HV000001: Hibernate Validator 8.0.2.Final
2025-04-20 14:55:47 INFO  [main] c.w.n.NotificationServiceApplicationTests - Starting NotificationServiceApplicationTests using Java 23.0.1 with PID 3577 (started by pratikpatel in /Users/pratikpatel/Desktop/Wells Fargo Training/MicroserviceDemo/Wells-Fargo_BasicTraining_microserviceDemo/notification-service)
2025-04-20 14:55:47 DEBUG [main] c.w.n.NotificationServiceApplicationTests - Running with Spring Boot v3.4.4, Spring v6.2.5
2025-04-20 14:55:47 INFO  [main] c.w.n.NotificationServiceApplicationTests - No active profile set, falling back to 1 default profile: "default"
2025-04-20 14:55:47 INFO  [main] o.s.c.c.c.ConfigServerConfigDataLoader - Fetching config from server at : http://configserver:8888
2025-04-20 14:55:47 INFO  [main] o.s.c.c.c.ConfigServerConfigDataLoader - Exception on Url - http://configserver:8888:org.springframework.web.client.ResourceAccessException: I/O error on GET request for "http://configserver:8888/notification-service/default": configserver. Will be trying the next url if available
2025-04-20 14:55:47 WARN  [main] o.s.c.c.c.ConfigServerConfigDataLoader - Could not locate PropertySource ([ConfigServerConfigDataResource@79fd6f95 uris = array<String>['http://configserver:8888'], optional = true, profiles = 'default']): I/O error on GET request for "http://configserver:8888/notification-service/default": configserver
2025-04-20 14:55:47 INFO  [main] o.s.c.c.c.ConfigServerConfigDataLoader - Fetching config from server at : http://configserver:8888
2025-04-20 14:55:47 INFO  [main] o.s.c.c.c.ConfigServerConfigDataLoader - Exception on Url - http://configserver:8888:org.springframework.web.client.ResourceAccessException: I/O error on GET request for "http://configserver:8888/notification-service/default": configserver. Will be trying the next url if available
2025-04-20 14:55:47 WARN  [main] o.s.c.c.c.ConfigServerConfigDataLoader - Could not locate PropertySource ([ConfigServerConfigDataResource@4ee6291f uris = array<String>['http://configserver:8888'], optional = true, profiles = 'default']): I/O error on GET request for "http://configserver:8888/notification-service/default": configserver
2025-04-20 14:55:47 INFO  [main] o.s.c.c.c.ConfigServerConfigDataLoader - Fetching config from server at : http://configserver:8888
2025-04-20 14:55:47 INFO  [main] o.s.c.c.c.ConfigServerConfigDataLoader - Exception on Url - http://configserver:8888:org.springframework.web.client.ResourceAccessException: I/O error on GET request for "http://configserver:8888/notification-service/default": configserver. Will be trying the next url if available
2025-04-20 14:55:47 WARN  [main] o.s.c.c.c.ConfigServerConfigDataLoader - Could not locate PropertySource ([ConfigServerConfigDataResource@2b03d52f uris = array<String>['http://configserver:8888'], optional = true, profiles = 'default']): I/O error on GET request for "http://configserver:8888/notification-service/default": configserver
2025-04-20 14:55:48 INFO  [main] o.s.d.r.c.RepositoryConfigurationDelegate - Bootstrapping Spring Data MongoDB repositories in DEFAULT mode.
2025-04-20 14:55:48 INFO  [main] o.s.d.r.c.RepositoryConfigurationDelegate - Finished Spring Data repository scanning in 201 ms. Found 1 MongoDB repository interface.
2025-04-20 14:55:49 INFO  [main] o.s.cloud.context.scope.GenericScope - BeanFactory id=6afd7fec-d399-3032-a6aa-5412ae1b1b0d
2025-04-20 14:55:49 INFO  [main] org.mongodb.driver.client - MongoClient with metadata {"driver": {"name": "mongo-java-driver|sync|spring-data", "version": "5.2.1"}, "os": {"type": "Darwin", "name": "Mac OS X", "architecture": "x86_64", "version": "15.4.1"}, "platform": "Java/Oracle Corporation/23.0.1+11-39"} created with settings MongoClientSettings{readPreference=primary, writeConcern=WriteConcern{w=null, wTimeout=null ms, journal=null}, retryWrites=true, retryReads=true, readConcern=ReadConcern{level=null}, credential=null, transportSettings=null, commandListeners=[], codecRegistry=ProvidersCodecRegistry{codecProviders=[ValueCodecProvider{}, BsonValueCodecProvider{}, DBRefCodecProvider{}, DBObjectCodecProvider{}, DocumentCodecProvider{}, CollectionCodecProvider{}, IterableCodecProvider{}, MapCodecProvider{}, GeoJsonCodecProvider{}, GridFSFileCodecProvider{}, Jsr310CodecProvider{}, JsonObjectCodecProvider{}, BsonCodecProvider{}, EnumCodecProvider{}, com.mongodb.client.model.mql.ExpressionCodecProvider@4070c4ff, com.mongodb.Jep395RecordCodecProvider@4bceac99, com.mongodb.KotlinCodecProvider@389bc2d3]}, loggerSettings=LoggerSettings{maxDocumentLength=1000}, clusterSettings={hosts=[127.0.0.1:27017], srvServiceName=mongodb, mode=SINGLE, requiredClusterType=UNKNOWN, requiredReplicaSetName='null', serverSelector='null', clusterListeners='[]', serverSelectionTimeout='30000 ms', localThreshold='15 ms'}, socketSettings=SocketSettings{connectTimeoutMS=10000, readTimeoutMS=0, receiveBufferSize=0, proxySettings=ProxySettings{host=null, port=null, username=null, password=null}}, heartbeatSocketSettings=SocketSettings{connectTimeoutMS=10000, readTimeoutMS=10000, receiveBufferSize=0, proxySettings=ProxySettings{host=null, port=null, username=null, password=null}}, connectionPoolSettings=ConnectionPoolSettings{maxSize=100, minSize=0, maxWaitTimeMS=120000, maxConnectionLifeTimeMS=0, maxConnectionIdleTimeMS=0, maintenanceInitialDelayMS=0, maintenanceFrequencyMS=60000, connectionPoolListeners=[], maxConnecting=2}, serverSettings=ServerSettings{heartbeatFrequencyMS=10000, minHeartbeatFrequencyMS=500, serverMonitoringMode=AUTO, serverListeners='[]', serverMonitorListeners='[]'}, sslSettings=SslSettings{enabled=false, invalidHostNameAllowed=false, context=null}, applicationName='null', compressorList=[], uuidRepresentation=JAVA_LEGACY, serverApi=null, autoEncryptionSettings=null, dnsClient=null, inetAddressResolver=null, contextProvider=null, timeoutMS=null}
2025-04-20 14:55:49 INFO  [cluster-ClusterId{value='6805514523ceff282e467434', description='null'}-127.0.0.1:27017] org.mongodb.driver.cluster - Monitor thread successfully connected to server with description ServerDescription{address=127.0.0.1:27017, type=STANDALONE, cryptd=false, state=CONNECTED, ok=true, minWireVersion=0, maxWireVersion=25, maxDocumentSize=16777216, logicalSessionTimeoutMinutes=30, roundTripTimeNanos=41794472, minRoundTripTimeNanos=0}
2025-04-20 14:55:51 INFO  [main] o.s.c.n.e.c.DiscoveryClientOptionalArgsConfiguration - Eureka HTTP Client uses RestTemplate.
2025-04-20 14:55:52 INFO  [main] o.s.b.a.e.web.EndpointLinksResolver - Exposing 28 endpoints beneath base path '/actuator'
2025-04-20 14:55:52 INFO  [main] o.s.c.n.eureka.InstanceInfoFactory - Setting initial instance status as: STARTING
2025-04-20 14:55:52 INFO  [main] c.netflix.discovery.DiscoveryClient - Initializing Eureka in region us-east-1
2025-04-20 14:55:52 INFO  [main] c.n.d.s.r.aws.ConfigClusterResolver - Resolving eureka endpoints via configuration
2025-04-20 14:55:52 INFO  [main] c.netflix.discovery.DiscoveryClient - Disable delta property : false
2025-04-20 14:55:52 INFO  [main] c.netflix.discovery.DiscoveryClient - Single vip registry refresh property : null
2025-04-20 14:55:52 INFO  [main] c.netflix.discovery.DiscoveryClient - Force full registry fetch : false
2025-04-20 14:55:52 INFO  [main] c.netflix.discovery.DiscoveryClient - Application is null : false
2025-04-20 14:55:52 INFO  [main] c.netflix.discovery.DiscoveryClient - Registered Applications size is zero : true
2025-04-20 14:55:52 INFO  [main] c.netflix.discovery.DiscoveryClient - Application version is -1: true
2025-04-20 14:55:52 INFO  [main] c.netflix.discovery.DiscoveryClient - Getting all instance registry info from the eureka server
2025-04-20 14:55:52 INFO  [main] c.netflix.discovery.DiscoveryClient - The response status is 200
2025-04-20 14:55:52 INFO  [main] c.netflix.discovery.DiscoveryClient - Starting heartbeat executor: renew interval is: 30
2025-04-20 14:55:52 INFO  [main] c.n.discovery.InstanceInfoReplicator - InstanceInfoReplicator onDemand update allowed rate per min is 4
2025-04-20 14:55:52 INFO  [main] c.netflix.discovery.DiscoveryClient - Discovery Client initialized at timestamp 1745178952348 with initial instances count: 4
2025-04-20 14:55:52 INFO  [main] o.s.c.n.e.s.EurekaServiceRegistry - Registering application NOTIFICATION-SERVICE with eureka with status UP
2025-04-20 14:55:52 INFO  [main] c.netflix.discovery.DiscoveryClient - Saw local status change event StatusChangeEvent [timestamp=1745178952351, current=UP, previous=STARTING]
2025-04-20 14:55:52 INFO  [DiscoveryClient-InstanceInfoReplicator-%d] c.netflix.discovery.DiscoveryClient - DiscoveryClient_NOTIFICATION-SERVICE/10.0.0.54:notification-service:8084: registering service...
2025-04-20 14:55:52 INFO  [main] o.a.k.c.consumer.ConsumerConfig - ConsumerConfig values: 
	allow.auto.create.topics = true
	auto.commit.interval.ms = 5000
	auto.include.jmx.reporter = true
	auto.offset.reset = latest
	bootstrap.servers = [localhost:9092]
	check.crcs = true
	client.dns.lookup = use_all_dns_ips
	client.id = consumer-notification-group-1
	client.rack = 
	connections.max.idle.ms = 540000
	default.api.timeout.ms = 60000
	enable.auto.commit = false
	enable.metrics.push = true
	exclude.internal.topics = true
	fetch.max.bytes = 52428800
	fetch.max.wait.ms = 500
	fetch.min.bytes = 1
	group.id = notification-group
	group.instance.id = null
	group.protocol = classic
	group.remote.assignor = null
	heartbeat.interval.ms = 3000
	interceptor.classes = []
	internal.leave.group.on.close = true
	internal.throw.on.fetch.stable.offset.unsupported = false
	isolation.level = read_uncommitted
	key.deserializer = class org.apache.kafka.common.serialization.StringDeserializer
	max.partition.fetch.bytes = 1048576
	max.poll.interval.ms = 300000
	max.poll.records = 500
	metadata.max.age.ms = 300000
	metadata.recovery.strategy = none
	metric.reporters = []
	metrics.num.samples = 2
	metrics.recording.level = INFO
	metrics.sample.window.ms = 30000
	partition.assignment.strategy = [class org.apache.kafka.clients.consumer.RangeAssignor, class org.apache.kafka.clients.consumer.CooperativeStickyAssignor]
	receive.buffer.bytes = 65536
	reconnect.backoff.max.ms = 1000
	reconnect.backoff.ms = 50
	request.timeout.ms = 30000
	retry.backoff.max.ms = 1000
	retry.backoff.ms = 100
	sasl.client.callback.handler.class = null
	sasl.jaas.config = null
	sasl.kerberos.kinit.cmd = /usr/bin/kinit
	sasl.kerberos.min.time.before.relogin = 60000
	sasl.kerberos.service.name = null
	sasl.kerberos.ticket.renew.jitter = 0.05
	sasl.kerberos.ticket.renew.window.factor = 0.8
	sasl.login.callback.handler.class = null
	sasl.login.class = null
	sasl.login.connect.timeout.ms = null
	sasl.login.read.timeout.ms = null
	sasl.login.refresh.buffer.seconds = 300
	sasl.login.refresh.min.period.seconds = 60
	sasl.login.refresh.window.factor = 0.8
	sasl.login.refresh.window.jitter = 0.05
	sasl.login.retry.backoff.max.ms = 10000
	sasl.login.retry.backoff.ms = 100
	sasl.mechanism = GSSAPI
	sasl.oauthbearer.clock.skew.seconds = 30
	sasl.oauthbearer.expected.audience = null
	sasl.oauthbearer.expected.issuer = null
	sasl.oauthbearer.jwks.endpoint.refresh.ms = 3600000
	sasl.oauthbearer.jwks.endpoint.retry.backoff.max.ms = 10000
	sasl.oauthbearer.jwks.endpoint.retry.backoff.ms = 100
	sasl.oauthbearer.jwks.endpoint.url = null
	sasl.oauthbearer.scope.claim.name = scope
	sasl.oauthbearer.sub.claim.name = sub
	sasl.oauthbearer.token.endpoint.url = null
	security.protocol = PLAINTEXT
	security.providers = null
	send.buffer.bytes = 131072
	session.timeout.ms = 45000
	socket.connection.setup.timeout.max.ms = 30000
	socket.connection.setup.timeout.ms = 10000
	ssl.cipher.suites = null
	ssl.enabled.protocols = [TLSv1.2, TLSv1.3]
	ssl.endpoint.identification.algorithm = https
	ssl.engine.factory.class = null
	ssl.key.password = null
	ssl.keymanager.algorithm = SunX509
	ssl.keystore.certificate.chain = null
	ssl.keystore.key = null
	ssl.keystore.location = null
	ssl.keystore.password = null
	ssl.keystore.type = JKS
	ssl.protocol = TLSv1.3
	ssl.provider = null
	ssl.secure.random.implementation = null
	ssl.trustmanager.algorithm = PKIX
	ssl.truststore.certificates = null
	ssl.truststore.location = null
	ssl.truststore.password = null
	ssl.truststore.type = JKS
	value.deserializer = class org.apache.kafka.common.serialization.StringDeserializer

2025-04-20 14:55:52 INFO  [DiscoveryClient-InstanceInfoReplicator-%d] c.netflix.discovery.DiscoveryClient - DiscoveryClient_NOTIFICATION-SERVICE/10.0.0.54:notification-service:8084 - registration status: 204
2025-04-20 14:55:52 INFO  [main] o.a.k.c.t.i.KafkaMetricsCollector - initializing Kafka metrics collector
2025-04-20 14:55:52 INFO  [main] o.a.kafka.common.utils.AppInfoParser - Kafka version: 3.8.1
2025-04-20 14:55:52 INFO  [main] o.a.kafka.common.utils.AppInfoParser - Kafka commitId: 70d6ff42debf7e17
2025-04-20 14:55:52 INFO  [main] o.a.kafka.common.utils.AppInfoParser - Kafka startTimeMs: 1745178952634
2025-04-20 14:55:52 INFO  [main] o.a.k.c.c.i.LegacyKafkaConsumer - [Consumer clientId=consumer-notification-group-1, groupId=notification-group] Subscribed to topic(s): notification-topic
2025-04-20 14:55:52 INFO  [main] c.w.n.NotificationServiceApplicationTests - Started NotificationServiceApplicationTests in 6.633 seconds (process running for 7.733)
2025-04-20 14:55:53 INFO  [org.springframework.kafka.KafkaListenerEndpointContainer#0-0-C-1] o.apache.kafka.clients.NetworkClient - [Consumer clientId=consumer-notification-group-1, groupId=notification-group] Node -1 disconnected.
2025-04-20 14:55:53 WARN  [org.springframework.kafka.KafkaListenerEndpointContainer#0-0-C-1] o.apache.kafka.clients.NetworkClient - [Consumer clientId=consumer-notification-group-1, groupId=notification-group] Connection to node -1 (localhost/127.0.0.1:9092) could not be established. Node may not be available.
2025-04-20 14:55:53 WARN  [org.springframework.kafka.KafkaListenerEndpointContainer#0-0-C-1] o.apache.kafka.clients.NetworkClient - [Consumer clientId=consumer-notification-group-1, groupId=notification-group] Bootstrap broker localhost:9092 (id: -1 rack: null) disconnected
2025-04-20 14:55:53 INFO  [org.springframework.kafka.KafkaListenerEndpointContainer#0-0-C-1] o.apache.kafka.clients.NetworkClient - [Consumer clientId=consumer-notification-group-1, groupId=notification-group] Node -1 disconnected.
2025-04-20 14:55:53 WARN  [org.springframework.kafka.KafkaListenerEndpointContainer#0-0-C-1] o.apache.kafka.clients.NetworkClient - [Consumer clientId=consumer-notification-group-1, groupId=notification-group] Connection to node -1 (localhost/127.0.0.1:9092) could not be established. Node may not be available.
2025-04-20 14:55:53 WARN  [org.springframework.kafka.KafkaListenerEndpointContainer#0-0-C-1] o.apache.kafka.clients.NetworkClient - [Consumer clientId=consumer-notification-group-1, groupId=notification-group] Bootstrap broker localhost:9092 (id: -1 rack: null) disconnected
2025-04-20 14:55:53 INFO  [org.springframework.kafka.KafkaListenerEndpointContainer#0-0-C-1] o.apache.kafka.clients.NetworkClient - [Consumer clientId=consumer-notification-group-1, groupId=notification-group] Node -1 disconnected.
2025-04-20 14:55:53 WARN  [org.springframework.kafka.KafkaListenerEndpointContainer#0-0-C-1] o.apache.kafka.clients.NetworkClient - [Consumer clientId=consumer-notification-group-1, groupId=notification-group] Connection to node -1 (localhost/127.0.0.1:9092) could not be established. Node may not be available.
2025-04-20 14:55:53 WARN  [org.springframework.kafka.KafkaListenerEndpointContainer#0-0-C-1] o.apache.kafka.clients.NetworkClient - [Consumer clientId=consumer-notification-group-1, groupId=notification-group] Bootstrap broker localhost:9092 (id: -1 rack: null) disconnected
2025-04-20 14:55:53 INFO  [org.springframework.kafka.KafkaListenerEndpointContainer#0-0-C-1] o.apache.kafka.clients.NetworkClient - [Consumer clientId=consumer-notification-group-1, groupId=notification-group] Node -1 disconnected.
2025-04-20 14:55:53 WARN  [org.springframework.kafka.KafkaListenerEndpointContainer#0-0-C-1] o.apache.kafka.clients.NetworkClient - [Consumer clientId=consumer-notification-group-1, groupId=notification-group] Connection to node -1 (localhost/127.0.0.1:9092) could not be established. Node may not be available.
2025-04-20 14:55:53 WARN  [org.springframework.kafka.KafkaListenerEndpointContainer#0-0-C-1] o.apache.kafka.clients.NetworkClient - [Consumer clientId=consumer-notification-group-1, groupId=notification-group] Bootstrap broker localhost:9092 (id: -1 rack: null) disconnected
2025-04-20 14:55:53 INFO  [SpringApplicationShutdownHook] o.s.c.n.e.s.EurekaServiceRegistry - Unregistering application NOTIFICATION-SERVICE with eureka with status DOWN
2025-04-20 14:55:53 INFO  [SpringApplicationShutdownHook] c.netflix.discovery.DiscoveryClient - Saw local status change event StatusChangeEvent [timestamp=1745178953823, current=DOWN, previous=UP]
2025-04-20 14:55:53 INFO  [DiscoveryClient-InstanceInfoReplicator-%d] c.netflix.discovery.DiscoveryClient - DiscoveryClient_NOTIFICATION-SERVICE/10.0.0.54:notification-service:8084: registering service...
2025-04-20 14:55:53 INFO  [org.springframework.kafka.KafkaListenerEndpointContainer#0-0-C-1] o.a.k.c.c.i.ConsumerCoordinator - [Consumer clientId=consumer-notification-group-1, groupId=notification-group] Resetting generation and member id due to: consumer pro-actively leaving the group
2025-04-20 14:55:53 INFO  [org.springframework.kafka.KafkaListenerEndpointContainer#0-0-C-1] o.a.k.c.c.i.ConsumerCoordinator - [Consumer clientId=consumer-notification-group-1, groupId=notification-group] Request joining group due to: consumer pro-actively leaving the group
2025-04-20 14:55:53 INFO  [org.springframework.kafka.KafkaListenerEndpointContainer#0-0-C-1] o.a.k.c.c.i.LegacyKafkaConsumer - [Consumer clientId=consumer-notification-group-1, groupId=notification-group] Unsubscribed all topics or patterns and assigned partitions
2025-04-20 14:55:53 INFO  [org.springframework.kafka.KafkaListenerEndpointContainer#0-0-C-1] o.a.k.c.c.i.ConsumerCoordinator - [Consumer clientId=consumer-notification-group-1, groupId=notification-group] Resetting generation and member id due to: consumer pro-actively leaving the group
2025-04-20 14:55:53 INFO  [org.springframework.kafka.KafkaListenerEndpointContainer#0-0-C-1] o.a.k.c.c.i.ConsumerCoordinator - [Consumer clientId=consumer-notification-group-1, groupId=notification-group] Request joining group due to: consumer pro-actively leaving the group
2025-04-20 14:55:53 INFO  [org.springframework.kafka.KafkaListenerEndpointContainer#0-0-C-1] o.a.kafka.common.metrics.Metrics - Metrics scheduler closed
2025-04-20 14:55:53 INFO  [DiscoveryClient-InstanceInfoReplicator-%d] c.netflix.discovery.DiscoveryClient - DiscoveryClient_NOTIFICATION-SERVICE/10.0.0.54:notification-service:8084 - registration status: 204
2025-04-20 14:55:53 INFO  [org.springframework.kafka.KafkaListenerEndpointContainer#0-0-C-1] o.a.kafka.common.metrics.Metrics - Closing reporter org.apache.kafka.common.metrics.JmxReporter
2025-04-20 14:55:53 INFO  [org.springframework.kafka.KafkaListenerEndpointContainer#0-0-C-1] o.a.kafka.common.metrics.Metrics - Closing reporter org.apache.kafka.common.telemetry.internals.ClientTelemetryReporter
2025-04-20 14:55:53 INFO  [org.springframework.kafka.KafkaListenerEndpointContainer#0-0-C-1] o.a.kafka.common.metrics.Metrics - Metrics reporters closed
2025-04-20 14:55:53 INFO  [org.springframework.kafka.KafkaListenerEndpointContainer#0-0-C-1] o.a.kafka.common.utils.AppInfoParser - App info kafka.consumer for consumer-notification-group-1 unregistered
2025-04-20 14:55:53 INFO  [org.springframework.kafka.KafkaListenerEndpointContainer#0-0-C-1] o.s.k.l.KafkaMessageListenerContainer - notification-group: Consumer stopped
2025-04-20 14:55:53 INFO  [SpringApplicationShutdownHook] c.netflix.discovery.DiscoveryClient - Shutting down DiscoveryClient ...
2025-04-20 14:55:56 INFO  [SpringApplicationShutdownHook] c.netflix.discovery.DiscoveryClient - Unregistering ...
2025-04-20 14:55:56 INFO  [SpringApplicationShutdownHook] c.netflix.discovery.DiscoveryClient - DiscoveryClient_NOTIFICATION-SERVICE/10.0.0.54:notification-service:8084 - deregister  status: 200
2025-04-20 14:55:56 INFO  [SpringApplicationShutdownHook] c.netflix.discovery.DiscoveryClient - Completed shut down of DiscoveryClient
2025-04-20 14:58:32 INFO  [background-preinit] o.h.validator.internal.util.Version - HV000001: Hibernate Validator 8.0.2.Final
2025-04-20 14:58:32 INFO  [main] c.w.n.NotificationServiceApplicationTests - Starting NotificationServiceApplicationTests using Java 23.0.1 with PID 3779 (started by pratikpatel in /Users/pratikpatel/Desktop/Wells Fargo Training/MicroserviceDemo/Wells-Fargo_BasicTraining_microserviceDemo/notification-service)
2025-04-20 14:58:32 DEBUG [main] c.w.n.NotificationServiceApplicationTests - Running with Spring Boot v3.4.4, Spring v6.2.5
2025-04-20 14:58:32 INFO  [main] c.w.n.NotificationServiceApplicationTests - No active profile set, falling back to 1 default profile: "default"
2025-04-20 14:58:32 INFO  [main] o.s.c.c.c.ConfigServerConfigDataLoader - Fetching config from server at : http://configserver:8888
2025-04-20 14:58:32 INFO  [main] o.s.c.c.c.ConfigServerConfigDataLoader - Exception on Url - http://configserver:8888:org.springframework.web.client.ResourceAccessException: I/O error on GET request for "http://configserver:8888/notification-service/default": configserver. Will be trying the next url if available
2025-04-20 14:58:32 WARN  [main] o.s.c.c.c.ConfigServerConfigDataLoader - Could not locate PropertySource ([ConfigServerConfigDataResource@79fd6f95 uris = array<String>['http://configserver:8888'], optional = true, profiles = 'default']): I/O error on GET request for "http://configserver:8888/notification-service/default": configserver
2025-04-20 14:58:32 INFO  [main] o.s.c.c.c.ConfigServerConfigDataLoader - Fetching config from server at : http://configserver:8888
2025-04-20 14:58:32 INFO  [main] o.s.c.c.c.ConfigServerConfigDataLoader - Exception on Url - http://configserver:8888:org.springframework.web.client.ResourceAccessException: I/O error on GET request for "http://configserver:8888/notification-service/default": configserver. Will be trying the next url if available
2025-04-20 14:58:32 WARN  [main] o.s.c.c.c.ConfigServerConfigDataLoader - Could not locate PropertySource ([ConfigServerConfigDataResource@4ee6291f uris = array<String>['http://configserver:8888'], optional = true, profiles = 'default']): I/O error on GET request for "http://configserver:8888/notification-service/default": configserver
2025-04-20 14:58:32 INFO  [main] o.s.c.c.c.ConfigServerConfigDataLoader - Fetching config from server at : http://configserver:8888
2025-04-20 14:58:32 INFO  [main] o.s.c.c.c.ConfigServerConfigDataLoader - Exception on Url - http://configserver:8888:org.springframework.web.client.ResourceAccessException: I/O error on GET request for "http://configserver:8888/notification-service/default": configserver. Will be trying the next url if available
2025-04-20 14:58:32 WARN  [main] o.s.c.c.c.ConfigServerConfigDataLoader - Could not locate PropertySource ([ConfigServerConfigDataResource@2b03d52f uris = array<String>['http://configserver:8888'], optional = true, profiles = 'default']): I/O error on GET request for "http://configserver:8888/notification-service/default": configserver
2025-04-20 14:58:33 INFO  [main] o.s.d.r.c.RepositoryConfigurationDelegate - Bootstrapping Spring Data MongoDB repositories in DEFAULT mode.
2025-04-20 14:58:33 INFO  [main] o.s.d.r.c.RepositoryConfigurationDelegate - Finished Spring Data repository scanning in 150 ms. Found 1 MongoDB repository interface.
2025-04-20 14:58:34 INFO  [main] o.s.cloud.context.scope.GenericScope - BeanFactory id=6afd7fec-d399-3032-a6aa-5412ae1b1b0d
2025-04-20 14:58:34 INFO  [main] org.mongodb.driver.client - MongoClient with metadata {"driver": {"name": "mongo-java-driver|sync|spring-data", "version": "5.2.1"}, "os": {"type": "Darwin", "name": "Mac OS X", "architecture": "x86_64", "version": "15.4.1"}, "platform": "Java/Oracle Corporation/23.0.1+11-39"} created with settings MongoClientSettings{readPreference=primary, writeConcern=WriteConcern{w=null, wTimeout=null ms, journal=null}, retryWrites=true, retryReads=true, readConcern=ReadConcern{level=null}, credential=null, transportSettings=null, commandListeners=[], codecRegistry=ProvidersCodecRegistry{codecProviders=[ValueCodecProvider{}, BsonValueCodecProvider{}, DBRefCodecProvider{}, DBObjectCodecProvider{}, DocumentCodecProvider{}, CollectionCodecProvider{}, IterableCodecProvider{}, MapCodecProvider{}, GeoJsonCodecProvider{}, GridFSFileCodecProvider{}, Jsr310CodecProvider{}, JsonObjectCodecProvider{}, BsonCodecProvider{}, EnumCodecProvider{}, com.mongodb.client.model.mql.ExpressionCodecProvider@36ab69d9, com.mongodb.Jep395RecordCodecProvider@5ebfe7fa, com.mongodb.KotlinCodecProvider@5f4e389a]}, loggerSettings=LoggerSettings{maxDocumentLength=1000}, clusterSettings={hosts=[127.0.0.1:27017], srvServiceName=mongodb, mode=SINGLE, requiredClusterType=UNKNOWN, requiredReplicaSetName='null', serverSelector='null', clusterListeners='[]', serverSelectionTimeout='30000 ms', localThreshold='15 ms'}, socketSettings=SocketSettings{connectTimeoutMS=10000, readTimeoutMS=0, receiveBufferSize=0, proxySettings=ProxySettings{host=null, port=null, username=null, password=null}}, heartbeatSocketSettings=SocketSettings{connectTimeoutMS=10000, readTimeoutMS=10000, receiveBufferSize=0, proxySettings=ProxySettings{host=null, port=null, username=null, password=null}}, connectionPoolSettings=ConnectionPoolSettings{maxSize=100, minSize=0, maxWaitTimeMS=120000, maxConnectionLifeTimeMS=0, maxConnectionIdleTimeMS=0, maintenanceInitialDelayMS=0, maintenanceFrequencyMS=60000, connectionPoolListeners=[], maxConnecting=2}, serverSettings=ServerSettings{heartbeatFrequencyMS=10000, minHeartbeatFrequencyMS=500, serverMonitoringMode=AUTO, serverListeners='[]', serverMonitorListeners='[]'}, sslSettings=SslSettings{enabled=false, invalidHostNameAllowed=false, context=null}, applicationName='null', compressorList=[], uuidRepresentation=JAVA_LEGACY, serverApi=null, autoEncryptionSettings=null, dnsClient=null, inetAddressResolver=null, contextProvider=null, timeoutMS=null}
2025-04-20 14:58:34 INFO  [cluster-ClusterId{value='680551ea5fa69d76270cb86c', description='null'}-127.0.0.1:27017] org.mongodb.driver.cluster - Monitor thread successfully connected to server with description ServerDescription{address=127.0.0.1:27017, type=STANDALONE, cryptd=false, state=CONNECTED, ok=true, minWireVersion=0, maxWireVersion=25, maxDocumentSize=16777216, logicalSessionTimeoutMinutes=30, roundTripTimeNanos=25275911, minRoundTripTimeNanos=0}
2025-04-20 14:58:36 INFO  [main] o.s.c.n.e.c.DiscoveryClientOptionalArgsConfiguration - Eureka HTTP Client uses RestTemplate.
2025-04-20 14:58:36 INFO  [main] o.s.b.a.e.web.EndpointLinksResolver - Exposing 28 endpoints beneath base path '/actuator'
2025-04-20 14:58:36 INFO  [main] o.s.c.n.eureka.InstanceInfoFactory - Setting initial instance status as: STARTING
2025-04-20 14:58:36 INFO  [main] c.netflix.discovery.DiscoveryClient - Initializing Eureka in region us-east-1
2025-04-20 14:58:36 INFO  [main] c.n.d.s.r.aws.ConfigClusterResolver - Resolving eureka endpoints via configuration
2025-04-20 14:58:36 INFO  [main] c.netflix.discovery.DiscoveryClient - Disable delta property : false
2025-04-20 14:58:36 INFO  [main] c.netflix.discovery.DiscoveryClient - Single vip registry refresh property : null
2025-04-20 14:58:36 INFO  [main] c.netflix.discovery.DiscoveryClient - Force full registry fetch : false
2025-04-20 14:58:36 INFO  [main] c.netflix.discovery.DiscoveryClient - Application is null : false
2025-04-20 14:58:36 INFO  [main] c.netflix.discovery.DiscoveryClient - Registered Applications size is zero : true
2025-04-20 14:58:36 INFO  [main] c.netflix.discovery.DiscoveryClient - Application version is -1: true
2025-04-20 14:58:36 INFO  [main] c.netflix.discovery.DiscoveryClient - Getting all instance registry info from the eureka server
2025-04-20 14:58:36 INFO  [main] c.netflix.discovery.DiscoveryClient - The response status is 200
2025-04-20 14:58:36 INFO  [main] c.netflix.discovery.DiscoveryClient - Starting heartbeat executor: renew interval is: 30
2025-04-20 14:58:36 INFO  [main] c.n.discovery.InstanceInfoReplicator - InstanceInfoReplicator onDemand update allowed rate per min is 4
2025-04-20 14:58:36 INFO  [main] c.netflix.discovery.DiscoveryClient - Discovery Client initialized at timestamp 1745179116443 with initial instances count: 4
2025-04-20 14:58:36 INFO  [main] o.s.c.n.e.s.EurekaServiceRegistry - Registering application NOTIFICATION-SERVICE with eureka with status UP
2025-04-20 14:58:36 INFO  [main] c.netflix.discovery.DiscoveryClient - Saw local status change event StatusChangeEvent [timestamp=1745179116445, current=UP, previous=STARTING]
2025-04-20 14:58:36 INFO  [DiscoveryClient-InstanceInfoReplicator-%d] c.netflix.discovery.DiscoveryClient - DiscoveryClient_NOTIFICATION-SERVICE/10.0.0.54:notification-service:8084: registering service...
2025-04-20 14:58:36 INFO  [DiscoveryClient-InstanceInfoReplicator-%d] c.netflix.discovery.DiscoveryClient - DiscoveryClient_NOTIFICATION-SERVICE/10.0.0.54:notification-service:8084 - registration status: 204
2025-04-20 14:58:36 INFO  [main] o.a.k.c.consumer.ConsumerConfig - ConsumerConfig values: 
	allow.auto.create.topics = true
	auto.commit.interval.ms = 5000
	auto.include.jmx.reporter = true
	auto.offset.reset = latest
	bootstrap.servers = [localhost:9092]
	check.crcs = true
	client.dns.lookup = use_all_dns_ips
	client.id = consumer-notification-group-1
	client.rack = 
	connections.max.idle.ms = 540000
	default.api.timeout.ms = 60000
	enable.auto.commit = false
	enable.metrics.push = true
	exclude.internal.topics = true
	fetch.max.bytes = 52428800
	fetch.max.wait.ms = 500
	fetch.min.bytes = 1
	group.id = notification-group
	group.instance.id = null
	group.protocol = classic
	group.remote.assignor = null
	heartbeat.interval.ms = 3000
	interceptor.classes = []
	internal.leave.group.on.close = true
	internal.throw.on.fetch.stable.offset.unsupported = false
	isolation.level = read_uncommitted
	key.deserializer = class org.apache.kafka.common.serialization.StringDeserializer
	max.partition.fetch.bytes = 1048576
	max.poll.interval.ms = 300000
	max.poll.records = 500
	metadata.max.age.ms = 300000
	metadata.recovery.strategy = none
	metric.reporters = []
	metrics.num.samples = 2
	metrics.recording.level = INFO
	metrics.sample.window.ms = 30000
	partition.assignment.strategy = [class org.apache.kafka.clients.consumer.RangeAssignor, class org.apache.kafka.clients.consumer.CooperativeStickyAssignor]
	receive.buffer.bytes = 65536
	reconnect.backoff.max.ms = 1000
	reconnect.backoff.ms = 50
	request.timeout.ms = 30000
	retry.backoff.max.ms = 1000
	retry.backoff.ms = 100
	sasl.client.callback.handler.class = null
	sasl.jaas.config = null
	sasl.kerberos.kinit.cmd = /usr/bin/kinit
	sasl.kerberos.min.time.before.relogin = 60000
	sasl.kerberos.service.name = null
	sasl.kerberos.ticket.renew.jitter = 0.05
	sasl.kerberos.ticket.renew.window.factor = 0.8
	sasl.login.callback.handler.class = null
	sasl.login.class = null
	sasl.login.connect.timeout.ms = null
	sasl.login.read.timeout.ms = null
	sasl.login.refresh.buffer.seconds = 300
	sasl.login.refresh.min.period.seconds = 60
	sasl.login.refresh.window.factor = 0.8
	sasl.login.refresh.window.jitter = 0.05
	sasl.login.retry.backoff.max.ms = 10000
	sasl.login.retry.backoff.ms = 100
	sasl.mechanism = GSSAPI
	sasl.oauthbearer.clock.skew.seconds = 30
	sasl.oauthbearer.expected.audience = null
	sasl.oauthbearer.expected.issuer = null
	sasl.oauthbearer.jwks.endpoint.refresh.ms = 3600000
	sasl.oauthbearer.jwks.endpoint.retry.backoff.max.ms = 10000
	sasl.oauthbearer.jwks.endpoint.retry.backoff.ms = 100
	sasl.oauthbearer.jwks.endpoint.url = null
	sasl.oauthbearer.scope.claim.name = scope
	sasl.oauthbearer.sub.claim.name = sub
	sasl.oauthbearer.token.endpoint.url = null
	security.protocol = PLAINTEXT
	security.providers = null
	send.buffer.bytes = 131072
	session.timeout.ms = 45000
	socket.connection.setup.timeout.max.ms = 30000
	socket.connection.setup.timeout.ms = 10000
	ssl.cipher.suites = null
	ssl.enabled.protocols = [TLSv1.2, TLSv1.3]
	ssl.endpoint.identification.algorithm = https
	ssl.engine.factory.class = null
	ssl.key.password = null
	ssl.keymanager.algorithm = SunX509
	ssl.keystore.certificate.chain = null
	ssl.keystore.key = null
	ssl.keystore.location = null
	ssl.keystore.password = null
	ssl.keystore.type = JKS
	ssl.protocol = TLSv1.3
	ssl.provider = null
	ssl.secure.random.implementation = null
	ssl.trustmanager.algorithm = PKIX
	ssl.truststore.certificates = null
	ssl.truststore.location = null
	ssl.truststore.password = null
	ssl.truststore.type = JKS
	value.deserializer = class org.apache.kafka.common.serialization.StringDeserializer

2025-04-20 14:58:36 INFO  [main] o.a.k.c.t.i.KafkaMetricsCollector - initializing Kafka metrics collector
2025-04-20 14:58:36 INFO  [main] o.a.kafka.common.utils.AppInfoParser - Kafka version: 3.8.1
2025-04-20 14:58:36 INFO  [main] o.a.kafka.common.utils.AppInfoParser - Kafka commitId: 70d6ff42debf7e17
2025-04-20 14:58:36 INFO  [main] o.a.kafka.common.utils.AppInfoParser - Kafka startTimeMs: 1745179116702
2025-04-20 14:58:36 INFO  [main] o.a.k.c.c.i.LegacyKafkaConsumer - [Consumer clientId=consumer-notification-group-1, groupId=notification-group] Subscribed to topic(s): notification-topic
2025-04-20 14:58:36 INFO  [main] c.w.n.NotificationServiceApplicationTests - Started NotificationServiceApplicationTests in 4.89 seconds (process running for 6.105)
2025-04-20 14:58:36 INFO  [org.springframework.kafka.KafkaListenerEndpointContainer#0-0-C-1] o.apache.kafka.clients.NetworkClient - [Consumer clientId=consumer-notification-group-1, groupId=notification-group] Node -1 disconnected.
2025-04-20 14:58:36 WARN  [org.springframework.kafka.KafkaListenerEndpointContainer#0-0-C-1] o.apache.kafka.clients.NetworkClient - [Consumer clientId=consumer-notification-group-1, groupId=notification-group] Connection to node -1 (localhost/127.0.0.1:9092) could not be established. Node may not be available.
2025-04-20 14:58:36 WARN  [org.springframework.kafka.KafkaListenerEndpointContainer#0-0-C-1] o.apache.kafka.clients.NetworkClient - [Consumer clientId=consumer-notification-group-1, groupId=notification-group] Bootstrap broker localhost:9092 (id: -1 rack: null) disconnected
2025-04-20 14:58:37 INFO  [org.springframework.kafka.KafkaListenerEndpointContainer#0-0-C-1] o.apache.kafka.clients.NetworkClient - [Consumer clientId=consumer-notification-group-1, groupId=notification-group] Node -1 disconnected.
2025-04-20 14:58:37 WARN  [org.springframework.kafka.KafkaListenerEndpointContainer#0-0-C-1] o.apache.kafka.clients.NetworkClient - [Consumer clientId=consumer-notification-group-1, groupId=notification-group] Connection to node -1 (localhost/127.0.0.1:9092) could not be established. Node may not be available.
2025-04-20 14:58:37 WARN  [org.springframework.kafka.KafkaListenerEndpointContainer#0-0-C-1] o.apache.kafka.clients.NetworkClient - [Consumer clientId=consumer-notification-group-1, groupId=notification-group] Bootstrap broker localhost:9092 (id: -1 rack: null) disconnected
2025-04-20 14:58:37 INFO  [org.springframework.kafka.KafkaListenerEndpointContainer#0-0-C-1] o.apache.kafka.clients.NetworkClient - [Consumer clientId=consumer-notification-group-1, groupId=notification-group] Node -1 disconnected.
2025-04-20 14:58:37 WARN  [org.springframework.kafka.KafkaListenerEndpointContainer#0-0-C-1] o.apache.kafka.clients.NetworkClient - [Consumer clientId=consumer-notification-group-1, groupId=notification-group] Connection to node -1 (localhost/127.0.0.1:9092) could not be established. Node may not be available.
2025-04-20 14:58:37 WARN  [org.springframework.kafka.KafkaListenerEndpointContainer#0-0-C-1] o.apache.kafka.clients.NetworkClient - [Consumer clientId=consumer-notification-group-1, groupId=notification-group] Bootstrap broker localhost:9092 (id: -1 rack: null) disconnected
2025-04-20 14:58:37 INFO  [org.springframework.kafka.KafkaListenerEndpointContainer#0-0-C-1] o.apache.kafka.clients.NetworkClient - [Consumer clientId=consumer-notification-group-1, groupId=notification-group] Node -1 disconnected.
2025-04-20 14:58:37 WARN  [org.springframework.kafka.KafkaListenerEndpointContainer#0-0-C-1] o.apache.kafka.clients.NetworkClient - [Consumer clientId=consumer-notification-group-1, groupId=notification-group] Connection to node -1 (localhost/127.0.0.1:9092) could not be established. Node may not be available.
2025-04-20 14:58:37 WARN  [org.springframework.kafka.KafkaListenerEndpointContainer#0-0-C-1] o.apache.kafka.clients.NetworkClient - [Consumer clientId=consumer-notification-group-1, groupId=notification-group] Bootstrap broker localhost:9092 (id: -1 rack: null) disconnected
2025-04-20 14:58:37 INFO  [SpringApplicationShutdownHook] o.s.c.n.e.s.EurekaServiceRegistry - Unregistering application NOTIFICATION-SERVICE with eureka with status DOWN
2025-04-20 14:58:37 INFO  [SpringApplicationShutdownHook] c.netflix.discovery.DiscoveryClient - Saw local status change event StatusChangeEvent [timestamp=1745179117586, current=DOWN, previous=UP]
2025-04-20 14:58:37 INFO  [DiscoveryClient-InstanceInfoReplicator-%d] c.netflix.discovery.DiscoveryClient - DiscoveryClient_NOTIFICATION-SERVICE/10.0.0.54:notification-service:8084: registering service...
2025-04-20 14:58:37 INFO  [org.springframework.kafka.KafkaListenerEndpointContainer#0-0-C-1] o.a.k.c.c.i.ConsumerCoordinator - [Consumer clientId=consumer-notification-group-1, groupId=notification-group] Resetting generation and member id due to: consumer pro-actively leaving the group
2025-04-20 14:58:37 INFO  [org.springframework.kafka.KafkaListenerEndpointContainer#0-0-C-1] o.a.k.c.c.i.ConsumerCoordinator - [Consumer clientId=consumer-notification-group-1, groupId=notification-group] Request joining group due to: consumer pro-actively leaving the group
2025-04-20 14:58:37 INFO  [org.springframework.kafka.KafkaListenerEndpointContainer#0-0-C-1] o.a.k.c.c.i.LegacyKafkaConsumer - [Consumer clientId=consumer-notification-group-1, groupId=notification-group] Unsubscribed all topics or patterns and assigned partitions
2025-04-20 14:58:37 INFO  [org.springframework.kafka.KafkaListenerEndpointContainer#0-0-C-1] o.a.k.c.c.i.ConsumerCoordinator - [Consumer clientId=consumer-notification-group-1, groupId=notification-group] Resetting generation and member id due to: consumer pro-actively leaving the group
2025-04-20 14:58:37 INFO  [org.springframework.kafka.KafkaListenerEndpointContainer#0-0-C-1] o.a.k.c.c.i.ConsumerCoordinator - [Consumer clientId=consumer-notification-group-1, groupId=notification-group] Request joining group due to: consumer pro-actively leaving the group
2025-04-20 14:58:37 INFO  [DiscoveryClient-InstanceInfoReplicator-%d] c.netflix.discovery.DiscoveryClient - DiscoveryClient_NOTIFICATION-SERVICE/10.0.0.54:notification-service:8084 - registration status: 204
2025-04-20 14:58:37 INFO  [org.springframework.kafka.KafkaListenerEndpointContainer#0-0-C-1] o.a.kafka.common.metrics.Metrics - Metrics scheduler closed
2025-04-20 14:58:37 INFO  [org.springframework.kafka.KafkaListenerEndpointContainer#0-0-C-1] o.a.kafka.common.metrics.Metrics - Closing reporter org.apache.kafka.common.metrics.JmxReporter
2025-04-20 14:58:37 INFO  [org.springframework.kafka.KafkaListenerEndpointContainer#0-0-C-1] o.a.kafka.common.metrics.Metrics - Closing reporter org.apache.kafka.common.telemetry.internals.ClientTelemetryReporter
2025-04-20 14:58:37 INFO  [org.springframework.kafka.KafkaListenerEndpointContainer#0-0-C-1] o.a.kafka.common.metrics.Metrics - Metrics reporters closed
2025-04-20 14:58:37 INFO  [org.springframework.kafka.KafkaListenerEndpointContainer#0-0-C-1] o.a.kafka.common.utils.AppInfoParser - App info kafka.consumer for consumer-notification-group-1 unregistered
2025-04-20 14:58:37 INFO  [org.springframework.kafka.KafkaListenerEndpointContainer#0-0-C-1] o.s.k.l.KafkaMessageListenerContainer - notification-group: Consumer stopped
2025-04-20 14:58:37 INFO  [SpringApplicationShutdownHook] c.netflix.discovery.DiscoveryClient - Shutting down DiscoveryClient ...
2025-04-20 14:58:40 INFO  [SpringApplicationShutdownHook] c.netflix.discovery.DiscoveryClient - Unregistering ...
2025-04-20 14:58:40 INFO  [SpringApplicationShutdownHook] c.netflix.discovery.DiscoveryClient - DiscoveryClient_NOTIFICATION-SERVICE/10.0.0.54:notification-service:8084 - deregister  status: 200
2025-04-20 14:58:40 INFO  [SpringApplicationShutdownHook] c.netflix.discovery.DiscoveryClient - Completed shut down of DiscoveryClient
